# JRE version: OpenJDK Runtime Environment (7.0_95) (build 1.7.0_95-b00)
# Java VM: OpenJDK Zero VM (24.95-b01 mixed mode linux-arm )
Heap
 def new generation   total 12672K, used 11531K [0x52a00000, 0x537a0000, 0x5c4a0000)
  eden space 11392K,  99% used [0x52a00000, 0x5351fff8, 0x53520000)
  from space 1280K,  10% used [0x53660000, 0x53682e38, 0x537a0000)
  to   space 1280K,   0% used [0x53520000, 0x53522a30, 0x53660000)
 tenured generation   total 27660K, used 16847K [0x5c4a0000, 0x5dfa3000, 0x6fa00000)
   the space 27660K,  60% used [0x5c4a0000, 0x5d513ee0, 0x5d514000, 0x5dfa3000)
 compacting perm gen  total 30720K, used 30528K [0x6fa00000, 0x71800000, 0x73a00000)
   the space 30720K,  99% used [0x6fa00000, 0x717d02d0, 0x717d0400, 0x71800000)
GC Heap History (10 events):
Event: 8983.097 GC heap after
Heap after GC invocations=86 (full 7):
 def new generation   total 12672K, used 112K [0x52a00000, 0x537a0000, 0x5c4a0000)
  eden space 11392K,   0% used [0x52a00000, 0x52a00000, 0x53520000)
  from space 1280K,   8% used [0x53660000, 0x5367c3e8, 0x537a0000)
  to   space 1280K,   0% used [0x53520000, 0x53520000, 0x53660000)
 tenured generation   total 27660K, used 16823K [0x5c4a0000, 0x5dfa3000, 0x6fa00000)
   the space 27660K,  60% used [0x5c4a0000, 0x5d50dd60, 0x5d50de00, 0x5dfa3000)
 compacting perm gen  total 30720K, used 30528K [0x6fa00000, 0x71800000, 0x73a00000)
   the space 30720K,  99% used [0x6fa00000, 0x717d02d0, 0x717d0400, 0x71800000)
No shared spaces configured.
}
Event: 9230.605 GC heap before
{Heap before GC invocations=86 (full 7):
 def new generation   total 12672K, used 11504K [0x52a00000, 0x537a0000, 0x5c4a0000)
  eden space 11392K, 100% used [0x52a00000, 0x53520000, 0x53520000)
  from space 1280K,   8% used [0x53660000, 0x5367c3e8, 0x537a0000)
  to   space 1280K,   0% used [0x53520000, 0x53520000, 0x53660000)
 tenured generation   total 27660K, used 16823K [0x5c4a0000, 0x5dfa3000, 0x6fa00000)
   the space 27660K,  60% used [0x5c4a0000, 0x5d50dd60, 0x5d50de00, 0x5dfa3000)
 compacting perm gen  total 30720K, used 30528K [0x6fa00000, 0x71800000, 0x73a00000)
   the space 30720K,  99% used [0x6fa00000, 0x717d02d0, 0x717d0400, 0x71800000)
No shared spaces configured.
Event: 9230.623 GC heap after
Heap after GC invocations=87 (full 7):
 def new generation   total 12672K, used 136K [0x52a00000, 0x537a0000, 0x5c4a0000)
  eden space 11392K,   0% used [0x52a00000, 0x52a00000, 0x53520000)
  from space 1280K,  10% used [0x53520000, 0x53542220, 0x53660000)
  to   space 1280K,   0% used [0x53660000, 0x53660000, 0x537a0000)
 tenured generation   total 27660K, used 16828K [0x5c4a0000, 0x5dfa3000, 0x6fa00000)
   the space 27660K,  60% used [0x5c4a0000, 0x5d50f318, 0x5d50f400, 0x5dfa3000)
 compacting perm gen  total 30720K, used 30528K [0x6fa00000, 0x71800000, 0x73a00000)
   the space 30720K,  99% used [0x6fa00000, 0x717d02d0, 0x717d0400, 0x71800000)
No shared spaces configured.
}
Event: 9452.186 GC heap before
{Heap before GC invocations=87 (full 7):
 def new generation   total 12672K, used 11528K [0x52a00000, 0x537a0000, 0x5c4a0000)
  eden space 11392K,  99% used [0x52a00000, 0x5351ffc8, 0x53520000)
  from space 1280K,  10% used [0x53520000, 0x53542220, 0x53660000)
  to   space 1280K,   0% used [0x53660000, 0x53660000, 0x537a0000)
 tenured generation   total 27660K, used 16828K [0x5c4a0000, 0x5dfa3000, 0x6fa00000)
   the space 27660K,  60% used [0x5c4a0000, 0x5d50f318, 0x5d50f400, 0x5dfa3000)
 compacting perm gen  total 30720K, used 30528K [0x6fa00000, 0x71800000, 0x73a00000)
   the space 30720K,  99% used [0x6fa00000, 0x717d02d0, 0x717d0400, 0x71800000)
No shared spaces configured.
Event: 9452.196 GC heap after
Heap after GC invocations=88 (full 7):
 def new generation   total 12672K, used 160K [0x52a00000, 0x537a0000, 0x5c4a0000)
  eden space 11392K,   0% used [0x52a00000, 0x52a00000, 0x53520000)
  from space 1280K,  12% used [0x53660000, 0x53688270, 0x537a0000)
  to   space 1280K,   0% used [0x53520000, 0x53520000, 0x53660000)
 tenured generation   total 27660K, used 16835K [0x5c4a0000, 0x5dfa3000, 0x6fa00000)
   the space 27660K,  60% used [0x5c4a0000, 0x5d510ea0, 0x5d511000, 0x5dfa3000)
 compacting perm gen  total 30720K, used 30528K [0x6fa00000, 0x71800000, 0x73a00000)
   the space 30720K,  99% used [0x6fa00000, 0x717d02d0, 0x717d0400, 0x71800000)
No shared spaces configured.
}
Event: 9663.597 GC heap before
{Heap before GC invocations=88 (full 7):
 def new generation   total 12672K, used 11552K [0x52a00000, 0x537a0000, 0x5c4a0000)
  eden space 11392K, 100% used [0x52a00000, 0x53520000, 0x53520000)
  from space 1280K,  12% used [0x53660000, 0x53688270, 0x537a0000)
  to   space 1280K,   0% used [0x53520000, 0x53520000, 0x53660000)
 tenured generation   total 27660K, used 16835K [0x5c4a0000, 0x5dfa3000, 0x6fa00000)
   the space 27660K,  60% used [0x5c4a0000, 0x5d510ea0, 0x5d511000, 0x5dfa3000)
 compacting perm gen  total 30720K, used 30528K [0x6fa00000, 0x71800000, 0x73a00000)
   the space 30720K,  99% used [0x6fa00000, 0x717d02d0, 0x717d0400, 0x71800000)
No shared spaces configured.
Event: 9663.609 GC heap after
Heap after GC invocations=89 (full 7):
 def new generation   total 12672K, used 205K [0x52a00000, 0x537a0000, 0x5c4a0000)
  eden space 11392K,   0% used [0x52a00000, 0x52a00000, 0x53520000)
  from space 1280K,  16% used [0x53520000, 0x53553480, 0x53660000)
  to   space 1280K,   0% used [0x53660000, 0x53660000, 0x537a0000)
 tenured generation   total 27660K, used 16841K [0x5c4a0000, 0x5dfa3000, 0x6fa00000)
   the space 27660K,  60% used [0x5c4a0000, 0x5d5126d0, 0x5d512800, 0x5dfa3000)
 compacting perm gen  total 30720K, used 30528K [0x6fa00000, 0x71800000, 0x73a00000)
   the space 30720K,  99% used [0x6fa00000, 0x717d02d0, 0x717d0400, 0x71800000)
No shared spaces configured.
}
Event: 9904.887 GC heap before
{Heap before GC invocations=89 (full 7):
 def new generation   total 12672K, used 11597K [0x52a00000, 0x537a0000, 0x5c4a0000)
  eden space 11392K,  99% used [0x52a00000, 0x5351fff8, 0x53520000)
  from space 1280K,  16% used [0x53520000, 0x53553480, 0x53660000)
  to   space 1280K,   0% used [0x53660000, 0x53660000, 0x537a0000)
 tenured generation   total 27660K, used 16841K [0x5c4a0000, 0x5dfa3000, 0x6fa00000)
   the space 27660K,  60% used [0x5c4a0000, 0x5d5126d0, 0x5d512800, 0x5dfa3000)
 compacting perm gen  total 30720K, used 30528K [0x6fa00000, 0x71800000, 0x73a00000)
   the space 30720K,  99% used [0x6fa00000, 0x717d02d0, 0x717d0400, 0x71800000)
No shared spaces configured.
Event: 9904.902 GC heap after
Heap after GC invocations=90 (full 7):
 def new generation   total 12672K, used 139K [0x52a00000, 0x537a0000, 0x5c4a0000)
  eden space 11392K,   0% used [0x52a00000, 0x52a00000, 0x53520000)
  from space 1280K,  10% used [0x53660000, 0x53682e38, 0x537a0000)
  to   space 1280K,   0% used [0x53520000, 0x53520000, 0x53660000)
 tenured generation   total 27660K, used 16847K [0x5c4a0000, 0x5dfa3000, 0x6fa00000)
   the space 27660K,  60% used [0x5c4a0000, 0x5d513ee0, 0x5d514000, 0x5dfa3000)
 compacting perm gen  total 30720K, used 30528K [0x6fa00000, 0x71800000, 0x73a00000)
   the space 30720K,  99% used [0x6fa00000, 0x717d02d0, 0x717d0400, 0x71800000)
No shared spaces configured.
}
Event: 10136.955 GC heap before
{Heap before GC invocations=90 (full 7):
 def new generation   total 12672K, used 11531K [0x52a00000, 0x537a0000, 0x5c4a0000)
  eden space 11392K,  99% used [0x52a00000, 0x5351fff8, 0x53520000)
  from space 1280K,  10% used [0x53660000, 0x53682e38, 0x537a0000)
  to   space 1280K,   0% used [0x53520000, 0x53520000, 0x53660000)
 tenured generation   total 27660K, used 16847K [0x5c4a0000, 0x5dfa3000, 0x6fa00000)
   the space 27660K,  60% used [0x5c4a0000, 0x5d513ee0, 0x5d514000, 0x5dfa3000)
 compacting perm gen  total 30720K, used 30528K [0x6fa00000, 0x71800000, 0x73a00000)
   the space 30720K,  99% used [0x6fa00000, 0x717d02d0, 0x717d0400, 0x71800000)
No shared spaces configured.

