# JRE version: Java(TM) SE Runtime Environment (8.0_65-b17) (build 1.8.0_65-b17)
# Java VM: Java HotSpot(TM) Client VM (25.65-b01 mixed mode linux-arm )
Heap:
 def new generation   total 16128K, used 11617K [0x65800000, 0x66960000, 0x6a540000)
  eden space 14464K,  68% used [0x65800000, 0x661b87d8, 0x66620000)
  from space 1664K, 100% used [0x667c0000, 0x66960000, 0x66960000)
  to   space 1664K,   0% used [0x66620000, 0x66620000, 0x667c0000)
 tenured generation   total 35200K, used 28443K [0x6a540000, 0x6c7a0000, 0x74000000)
   the space 35200K,  80% used [0x6a540000, 0x6c106dc8, 0x6c106e00, 0x6c7a0000)
 Metaspace       used 34239K, capacity 36998K, committed 37016K, reserved 37168K
GC Heap History (10 events):
Event: 2787.819 GC heap before
{Heap before GC invocations=58 (full 5):
 def new generation   total 16128K, used 15360K [0x65800000, 0x66960000, 0x6a540000)
  eden space 14464K, 100% used [0x65800000, 0x66620000, 0x66620000)
  from space 1664K,  53% used [0x66620000, 0x66700318, 0x667c0000)
  to   space 1664K,   0% used [0x667c0000, 0x667c0000, 0x66960000)
 tenured generation   total 35200K, used 24705K [0x6a540000, 0x6c7a0000, 0x74000000)
   the space 35200K,  70% used [0x6a540000, 0x6bd60590, 0x6bd60600, 0x6c7a0000)
 Metaspace       used 30761K, capacity 32500K, committed 32536K, reserved 33072K
Event: 2787.858 GC heap after
Heap after GC invocations=59 (full 5):
 def new generation   total 16128K, used 901K [0x65800000, 0x66960000, 0x6a540000)
  eden space 14464K,   0% used [0x65800000, 0x65800000, 0x66620000)
  from space 1664K,  54% used [0x667c0000, 0x668a1408, 0x66960000)
  to   space 1664K,   0% used [0x66620000, 0x66620000, 0x667c0000)
 tenured generation   total 35200K, used 25047K [0x6a540000, 0x6c7a0000, 0x74000000)
   the space 35200K,  71% used [0x6a540000, 0x6bdb5eb8, 0x6bdb6000, 0x6c7a0000)
 Metaspace       used 30761K, capacity 32500K, committed 32536K, reserved 33072K
}
Event: 2793.258 GC heap before
{Heap before GC invocations=59 (full 5):
 def new generation   total 16128K, used 15363K [0x65800000, 0x66960000, 0x6a540000)
  eden space 14464K,  99% used [0x65800000, 0x6661faa0, 0x66620000)
  from space 1664K,  54% used [0x667c0000, 0x668a1408, 0x66960000)
  to   space 1664K,   0% used [0x66620000, 0x66620000, 0x667c0000)
 tenured generation   total 35200K, used 25047K [0x6a540000, 0x6c7a0000, 0x74000000)
   the space 35200K,  71% used [0x6a540000, 0x6bdb5eb8, 0x6bdb6000, 0x6c7a0000)
 Metaspace       used 31962K, capacity 33911K, committed 33944K, reserved 34096K
Event: 2793.332 GC heap after
Heap after GC invocations=60 (full 5):
 def new generation   total 16128K, used 1664K [0x65800000, 0x66960000, 0x6a540000)
  eden space 14464K,   0% used [0x65800000, 0x65800000, 0x66620000)
  from space 1664K, 100% used [0x66620000, 0x667c0000, 0x667c0000)
  to   space 1664K,   0% used [0x667c0000, 0x667c0000, 0x66960000)
 tenured generation   total 35200K, used 26468K [0x6a540000, 0x6c7a0000, 0x74000000)
   the space 35200K,  75% used [0x6a540000, 0x6bf19330, 0x6bf19400, 0x6c7a0000)
 Metaspace       used 31962K, capacity 33911K, committed 33944K, reserved 34096K
}
Event: 2794.963 GC heap before
{Heap before GC invocations=60 (full 5):
 def new generation   total 16128K, used 16128K [0x65800000, 0x66960000, 0x6a540000)
  eden space 14464K, 100% used [0x65800000, 0x66620000, 0x66620000)
  from space 1664K, 100% used [0x66620000, 0x667c0000, 0x667c0000)
  to   space 1664K,   0% used [0x667c0000, 0x667c0000, 0x66960000)
 tenured generation   total 35200K, used 26468K [0x6a540000, 0x6c7a0000, 0x74000000)
   the space 35200K,  75% used [0x6a540000, 0x6bf19330, 0x6bf19400, 0x6c7a0000)
 Metaspace       used 32257K, capacity 34353K, committed 34456K, reserved 35120K
Event: 2795.022 GC heap after
Heap after GC invocations=61 (full 5):
 def new generation   total 16128K, used 923K [0x65800000, 0x66960000, 0x6a540000)
  eden space 14464K,   0% used [0x65800000, 0x65800000, 0x66620000)
  from space 1664K,  55% used [0x667c0000, 0x668a6fc8, 0x66960000)
  to   space 1664K,   0% used [0x66620000, 0x66620000, 0x667c0000)
 tenured generation   total 35200K, used 27777K [0x6a540000, 0x6c7a0000, 0x74000000)
   the space 35200K,  78% used [0x6a540000, 0x6c060578, 0x6c060600, 0x6c7a0000)
 Metaspace       used 32257K, capacity 34353K, committed 34456K, reserved 35120K
}
Event: 2795.833 GC heap before
{Heap before GC invocations=61 (full 5):
 def new generation   total 16128K, used 15387K [0x65800000, 0x66960000, 0x6a540000)
  eden space 14464K, 100% used [0x65800000, 0x66620000, 0x66620000)
  from space 1664K,  55% used [0x667c0000, 0x668a6fc8, 0x66960000)
  to   space 1664K,   0% used [0x66620000, 0x66620000, 0x667c0000)
 tenured generation   total 35200K, used 27777K [0x6a540000, 0x6c7a0000, 0x74000000)
   the space 35200K,  78% used [0x6a540000, 0x6c060578, 0x6c060600, 0x6c7a0000)
 Metaspace       used 32261K, capacity 34358K, committed 34456K, reserved 35120K
Event: 2795.857 GC heap after
Heap after GC invocations=62 (full 5):
 def new generation   total 16128K, used 199K [0x65800000, 0x66960000, 0x6a540000)
  eden space 14464K,   0% used [0x65800000, 0x65800000, 0x66620000)
  from space 1664K,  11% used [0x66620000, 0x66651dc8, 0x667c0000)
  to   space 1664K,   0% used [0x667c0000, 0x667c0000, 0x66960000)
 tenured generation   total 35200K, used 28226K [0x6a540000, 0x6c7a0000, 0x74000000)
   the space 35200K,  80% used [0x6a540000, 0x6c0d0838, 0x6c0d0a00, 0x6c7a0000)
 Metaspace       used 32261K, capacity 34358K, committed 34456K, reserved 35120K
}
Event: 2809.136 GC heap before
{Heap before GC invocations=62 (full 5):
 def new generation   total 16128K, used 14663K [0x65800000, 0x66960000, 0x6a540000)
  eden space 14464K, 100% used [0x65800000, 0x66620000, 0x66620000)
  from space 1664K,  11% used [0x66620000, 0x66651dc8, 0x667c0000)
  to   space 1664K,   0% used [0x667c0000, 0x667c0000, 0x66960000)
 tenured generation   total 35200K, used 28226K [0x6a540000, 0x6c7a0000, 0x74000000)
   the space 35200K,  80% used [0x6a540000, 0x6c0d0838, 0x6c0d0a00, 0x6c7a0000)
 Metaspace       used 33074K, capacity 35281K, committed 35352K, reserved 36144K
Event: 2809.188 GC heap after
Heap after GC invocations=63 (full 5):
 def new generation   total 16128K, used 1664K [0x65800000, 0x66960000, 0x6a540000)
  eden space 14464K,   0% used [0x65800000, 0x65800000, 0x66620000)
  from space 1664K, 100% used [0x667c0000, 0x66960000, 0x66960000)
  to   space 1664K,   0% used [0x66620000, 0x66620000, 0x667c0000)
 tenured generation   total 35200K, used 28443K [0x6a540000, 0x6c7a0000, 0x74000000)
   the space 35200K,  80% used [0x6a540000, 0x6c106dc8, 0x6c106e00, 0x6c7a0000)
 Metaspace       used 33074K, capacity 35281K, committed 35352K, reserved 36144K
}

